Hello, OS World!
listing all registed devices:
timer #0, #0
tty1 #1, #0
tty2 #1, #1
tty3 #1, #2
tty4 #1, #3
ram #6, #0
page dir: 1000000
new page table for stack: 1001000
stack_page: 1002000
va: 8048000	, filesz: 238	, memsz: 238
filesz: 238
new page table: 1003000
new page: 1004000
fill half-full page
va: 8049238	, filesz: 8	, memsz: c
filesz: 8
new page: 1005000
fill half-full page
va: 0	, filesz: 0	, memsz: 0
filesz: 0
come here1!

[1;31msystem panic[0m in function "irq_handle", line 106, file "src/kernel/irq/irq_handle.c":
Unexpected exception #14
[1;31mHint: The machine is always right! For more details about exception #14, see
 _ ____   ___    __    __  __                         _ 
(_)___ \ / _ \  / /   |  \/  |                       | |
 _  __) | (_) |/ /_   | \  / | __ _ _ __  _   _  __ _| |
| ||__ < > _ <| '_ \  | |\/| |/ _` | '_ \| | | |/ _` | |
| |___) | (_) | (_) | | |  | | (_| | | | | |_| | (_| | |
|_|____/ \___/ \___/  |_|  |_|\__,_|_| |_|\__,_|\__,_|_|

[0m